<?xml version="1.0" encoding="UTF-8"?>
<!-- Generated by org.testng.reporters.JUnitReportReporter -->
<testsuite skipped="0" hostname="MAC41G.local" name="MobileProgrammingLLC.Tests.APIDemos_SettingWiFi" tests="3" failures="0" timestamp="17 Oct 2018 23:03:46 GMT" time="10.713" errors="0">
  <testcase name="clickOnPreferenceDependenciesOption" time="3.412" classname="MobileProgrammingLLC.Tests.APIDemos_SettingWiFi"/>
  <testcase name="clickOnPreferenceOption" time="0.312" classname="MobileProgrammingLLC.Tests.APIDemos_SettingWiFi"/>
  <testcase name="settingWifiFunctionality" time="6.989" classname="MobileProgrammingLLC.Tests.APIDemos_SettingWiFi"/>
</testsuite> <!-- MobileProgrammingLLC.Tests.APIDemos_SettingWiFi -->
