<?xml version="1.0" encoding="UTF-8"?>
<!-- Generated by org.testng.reporters.JUnitReportReporter -->
<testsuite skipped="0" hostname="MAC41G.local" name="MobileProgrammingLLC.Tests.APIDemos_MakingPopUps" tests="3" failures="0" timestamp="17 Oct 2018 23:03:46 GMT" time="15.069" errors="0">
  <testcase name="tapOnViewsOption" time="1.472" classname="MobileProgrammingLLC.Tests.APIDemos_MakingPopUps"/>
  <testcase name="makeAPopUp" time="3.067" classname="MobileProgrammingLLC.Tests.APIDemos_MakingPopUps"/>
  <testcase name="tapOnPopUpMenu" time="10.530" classname="MobileProgrammingLLC.Tests.APIDemos_MakingPopUps"/>
</testsuite> <!-- MobileProgrammingLLC.Tests.APIDemos_MakingPopUps -->
