<?xml version="1.0" encoding="UTF-8"?>
<!-- Generated by org.testng.reporters.JUnitReportReporter -->
<testsuite skipped="0" hostname="MAC41G.local" name="MobileProgrammingLLC.Tests.APIDemos_RetrivingDogsInfo" tests="2" failures="0" timestamp="17 Oct 2018 23:03:46 GMT" time="12.286" errors="0">
  <testcase name="navigateToCustomAdapterPage" time="3.992" classname="MobileProgrammingLLC.Tests.APIDemos_RetrivingDogsInfo"/>
  <testcase name="retrieveDogNamesInformation" time="8.294" classname="MobileProgrammingLLC.Tests.APIDemos_RetrivingDogsInfo"/>
</testsuite> <!-- MobileProgrammingLLC.Tests.APIDemos_RetrivingDogsInfo -->
