<?xml version="1.0" encoding="UTF-8"?>
<!-- Generated by org.testng.reporters.JUnitReportReporter -->
<testsuite skipped="0" hostname="MAC41G.local" name="MobileProgrammingLLC.Tests.Dummy" tests="6" failures="0" timestamp="22 Oct 2018 16:26:26 GMT" time="56.154" errors="0">
  <testcase name="enterEmail" time="4.519" classname="MobileProgrammingLLC.Tests.Dummy"/>
  <testcase name="clickOnContinueButton" time="7.148" classname="MobileProgrammingLLC.Tests.Dummy"/>
  <testcase name="navigateToAmazonSite" time="27.557" classname="MobileProgrammingLLC.Tests.Dummy"/>
  <testcase name="clickOnHamburg" time="4.074" classname="MobileProgrammingLLC.Tests.Dummy"/>
  <testcase name="verifyErrorMsg" time="2.399" classname="MobileProgrammingLLC.Tests.Dummy"/>
  <testcase name="clickOnSignIn" time="10.457" classname="MobileProgrammingLLC.Tests.Dummy"/>
</testsuite> <!-- MobileProgrammingLLC.Tests.Dummy -->
