<?xml version="1.0" encoding="UTF-8"?>
<!-- Generated by org.testng.reporters.JUnitReportReporter -->
<testsuite name="MobileProgrammingLLC.Tests.Amazon_SigningIn" tests="2" time="119.326" ignored="0" failures="0" timestamp="22 Jan 2019 17:42:31 GMT" skipped="0" hostname="MAC09F.local" errors="0">
  <testcase name="verifySignInErrorMsg" time="38.997" classname="MobileProgrammingLLC.Tests.Amazon_SigningIn"/>
  <testcase name="navigateToSignInPage" time="80.329" classname="MobileProgrammingLLC.Tests.Amazon_SigningIn"/>
</testsuite> <!-- MobileProgrammingLLC.Tests.Amazon_SigningIn -->
