<?xml version="1.0" encoding="UTF-8"?>
<!-- Generated by org.testng.reporters.JUnitReportReporter -->
<testsuite name="MobileProgrammingLLC.Tests.Flipkart_AddToCart" tests="2" time="175.187" ignored="0" failures="0" timestamp="08 Jan 2019 23:15:54 GMT" skipped="0" hostname="MAC09F.local" errors="0">
  <testcase name="validatingAddToCartFunctionality" time="69.691" classname="MobileProgrammingLLC.Tests.Flipkart_AddToCart"/>
  <testcase name="validatingAddToCartFunctionality" time="105.496" classname="MobileProgrammingLLC.Tests.Flipkart_AddToCart"/>
</testsuite> <!-- MobileProgrammingLLC.Tests.Flipkart_AddToCart -->
