<?xml version="1.0" encoding="UTF-8"?>
<!-- Generated by org.testng.reporters.JUnitReportReporter -->
<testsuite name="MobileProgrammingLLC.Tests.APIDemos_SettingWiFi" tests="3" time="13.452" ignored="0" failures="0" timestamp="17 Oct 2018 23:09:10 GMT" skipped="0" hostname="MAC41G.local" errors="0">
  <testcase name="clickOnPreferenceOption" time="1.554" classname="MobileProgrammingLLC.Tests.APIDemos_SettingWiFi"/>
  <testcase name="clickOnPreferenceDependenciesOption" time="3.424" classname="MobileProgrammingLLC.Tests.APIDemos_SettingWiFi"/>
  <testcase name="settingWifiFunctionality" time="8.474" classname="MobileProgrammingLLC.Tests.APIDemos_SettingWiFi"/>
</testsuite> <!-- MobileProgrammingLLC.Tests.APIDemos_SettingWiFi -->
