<?xml version="1.0" encoding="UTF-8"?>
<!-- Generated by org.testng.reporters.JUnitReportReporter -->
<testsuite name="MobileProgrammingLLC.Tests.APIDemos_MakingPopUps" tests="3" time="11.620" ignored="0" failures="0" timestamp="17 Oct 2018 23:09:10 GMT" skipped="0" hostname="MAC41G.local" errors="0">
  <testcase name="tapOnPopUpMenu" time="10.306" classname="MobileProgrammingLLC.Tests.APIDemos_MakingPopUps"/>
  <testcase name="tapOnViewsOption" time="1.135" classname="MobileProgrammingLLC.Tests.APIDemos_MakingPopUps"/>
  <testcase name="makeAPopUp" time="0.179" classname="MobileProgrammingLLC.Tests.APIDemos_MakingPopUps"/>
</testsuite> <!-- MobileProgrammingLLC.Tests.APIDemos_MakingPopUps -->
