<?xml version="1.0" encoding="UTF-8"?>
<!-- Generated by org.testng.reporters.JUnitReportReporter -->
<testsuite name="MobileProgrammingLLC.Tests.APIDemos_RetrivingDogsInfo" tests="2" time="11.976" ignored="0" failures="0" timestamp="17 Oct 2018 23:09:10 GMT" skipped="0" hostname="MAC41G.local" errors="0">
  <testcase name="retrieveDogNamesInformation" time="6.963" classname="MobileProgrammingLLC.Tests.APIDemos_RetrivingDogsInfo"/>
  <testcase name="navigateToCustomAdapterPage" time="5.013" classname="MobileProgrammingLLC.Tests.APIDemos_RetrivingDogsInfo"/>
</testsuite> <!-- MobileProgrammingLLC.Tests.APIDemos_RetrivingDogsInfo -->
