<?xml version="1.0" encoding="UTF-8"?>
<!-- Generated by org.testng.reporters.JUnitReportReporter -->
<testsuite name="MobileProgrammingLLC.Tests.Flipkart_AssertingProducts" tests="2" time="241.326" ignored="0" failures="0" timestamp="22 Jan 2019 17:42:31 GMT" skipped="0" hostname="MAC09F.local" errors="0">
  <testcase name="validatingAddToCartFunctionality" time="120.942" classname="MobileProgrammingLLC.Tests.Flipkart_AssertingProducts"/>
  <testcase name="validatingAddToCartFunctionality" time="120.384" classname="MobileProgrammingLLC.Tests.Flipkart_AssertingProducts"/>
</testsuite> <!-- MobileProgrammingLLC.Tests.Flipkart_AssertingProducts -->
